<?xml version="1.0" encoding="UTF-8"?>
<testng-results ignored="0" total="1" passed="1" failed="0" skipped="0">
  <reporter-output>
  </reporter-output>
  <suite started-at="2025-07-05T16:00:04 IST" name="All Test Suite" finished-at="2025-07-05T16:00:33 IST" duration-ms="29222">
    <groups>
      <group name="cucumber">
        <method signature="AbstractTestNGCucumberTests.runScenario(io.cucumber.testng.PickleWrapper,io.cucumber.testng.FeatureWrapper)[pri:0, instance:testRunner.Run@639c2c1d]" name="runScenario" class="io.cucumber.testng.AbstractTestNGCucumberTests"/>
      </group> <!-- cucumber -->
    </groups>
    <test started-at="2025-07-05T16:00:04 IST" name="test1" finished-at="2025-07-05T16:00:33 IST" duration-ms="29222">
      <class name="testRunner.Run">
        <test-method is-config="true" signature="setUpClass(org.testng.ITestContext)[pri:0, instance:testRunner.Run@639c2c1d]" started-at="2025-07-05T16:00:04 IST" name="setUpClass" finished-at="2025-07-05T16:00:05 IST" duration-ms="494" status="PASS">
          <params>
            <param index="0">
              <value>
                <![CDATA[org.testng.TestRunner@834e986]]>
              </value>
            </param>
          </params>
          <reporter-output>
          </reporter-output>
        </test-method> <!-- setUpClass -->
        <test-method signature="runScenario(io.cucumber.testng.PickleWrapper,io.cucumber.testng.FeatureWrapper)[pri:0, instance:testRunner.Run@639c2c1d]" started-at="2025-07-05T16:00:05 IST" name="runScenario" description="Runs Cucumber Scenarios" data-provider="scenarios" finished-at="2025-07-05T16:00:33 IST" duration-ms="28361" status="PASS">
          <params>
            <param index="0">
              <value>
                <![CDATA["Using adding a new Admin"]]>
              </value>
            </param>
            <param index="1">
              <value>
                <![CDATA["Adding Admin details in  Admin Page"]]>
              </value>
            </param>
          </params>
          <reporter-output>
          </reporter-output>
        </test-method> <!-- runScenario -->
        <test-method is-config="true" signature="tearDownClass()[pri:0, instance:testRunner.Run@639c2c1d]" started-at="2025-07-05T16:00:33 IST" name="tearDownClass" finished-at="2025-07-05T16:00:33 IST" duration-ms="337" status="PASS">
          <reporter-output>
          </reporter-output>
        </test-method> <!-- tearDownClass -->
      </class> <!-- testRunner.Run -->
    </test> <!-- test1 -->
  </suite> <!-- All Test Suite -->
</testng-results>
